<?xml version="1.0" encoding="UTF-8"?>
<testng-results ignored="0" total="1" passed="1" failed="0" skipped="0">
  <reporter-output>
  </reporter-output>
  <suite started-at="2025-12-10T22:58:26 MST" name="MySuite" finished-at="2025-12-10T22:58:30 MST" duration-ms="3757">
    <groups>
    </groups>
    <test started-at="2025-12-10T22:58:26 MST" name="LoginPageTest" finished-at="2025-12-10T22:58:30 MST" duration-ms="3757">
      <class name="com.selenium.org.Learn_Automation.LoginPageTest">
        <test-method signature="runLoginTest()[pri:0, instance:com.selenium.org.Learn_Automation.LoginPageTest@6fe7aac8]" started-at="2025-12-10T22:58:26 MST" name="runLoginTest" finished-at="2025-12-10T22:58:30 MST" duration-ms="3723" status="PASS">
          <reporter-output>
          </reporter-output>
        </test-method> <!-- runLoginTest -->
      </class> <!-- com.selenium.org.Learn_Automation.LoginPageTest -->
    </test> <!-- LoginPageTest -->
  </suite> <!-- MySuite -->
</testng-results>
